<!DOCTYPE html PUBLIC "-//W3C//DTD XHTML 1.1//EN" "http://www.w3.org/TR/xhtml11/DTD/xhtml11.dtd">
<html xmlns="http://www.w3.org/1999/xhtml"><head><title>TestNG Report</title><style type="text/css">table {margin-bottom:10px;border-collapse:collapse;empty-cells:show}th,td {border:1px solid #009;padding:.25em .5em}th {vertical-align:bottom}td {vertical-align:top}table a {font-weight:bold}.stripe td {background-color: #E6EBF9}.num {text-align:right}.passedodd td {background-color: #3F3}.passedeven td {background-color: #0A0}.skippedodd td {background-color: #DDD}.skippedeven td {background-color: #CCC}.failedodd td,.attn {background-color: #F33}.failedeven td,.stripe .attn {background-color: #D00}.stacktrace {white-space:pre;font-family:monospace}.totop {font-size:85%;text-align:center;border-bottom:2px solid #000}</style></head><body><table><tr><th>Test</th><th># Passed</th><th># Skipped</th><th># Failed</th><th>Time (ms)</th><th>Included Groups</th><th>Excluded Groups</th></tr><tr><th colspan="7">igt.tableMountain.qa.testcases.LoginPageTest</th></tr><tr><td><a href="#t0">Command line test</a></td><td class="num">0</td><td class="num attn">3</td><td class="num">0</td><td class="num">17,231</td><td></td><td></td></tr></table><table id='summary'><thead><tr><th>Class</th><th>Method</th><th>Start</th><th>Time (ms)</th></tr></thead><tbody><tr><th colspan="4">igt.tableMountain.qa.testcases.LoginPageTest</th></tr></tbody><tbody id="t0"><tr><th colspan="4">Command line test &#8212; failed (configuration methods)</th></tr><tr class="failedeven"><td rowspan="1">igt.tableMountain.qa.testcases.LoginPageTest</td><td><a href="#m0">setUp</a></td><td rowspan="1">1570120817122</td><td rowspan="1">17190</td></tr><tr><th colspan="4">Command line test &#8212; skipped (configuration methods)</th></tr><tr class="skippedeven"><td rowspan="2">igt.tableMountain.qa.testcases.LoginPageTest</td><td><a href="#m1">setUp</a></td><td rowspan="2">1570120834325</td><td rowspan="2">0</td></tr><tr class="skippedeven"><td><a href="#m2">setUp</a></td></tr><tr><th colspan="4">Command line test &#8212; skipped</th></tr><tr class="skippedeven"><td rowspan="3">igt.tableMountain.qa.testcases.LoginPageTest</td><td><a href="#m3">igtLogoTest</a></td><td rowspan="1">1570120834326</td><td rowspan="1">0</td></tr><tr class="skippedeven"><td><a href="#m4">loginPageTitiletest</a></td><td rowspan="1">1570120834321</td><td rowspan="1">1</td></tr><tr class="skippedeven"><td><a href="#m5">loginTest</a></td><td rowspan="1">1570120834327</td><td rowspan="1">0</td></tr></tbody></table><h2>Command line test</h2><h3 id="m0">igt.tableMountain.qa.testcases.LoginPageTest#setUp</h3><table class="result"><tr><th>Exception</th></tr><tr><td><div class="stacktrace">org.openqa.selenium.SessionNotCreatedException: session not created
from chrome not reachable
  (Session info: chrome=77.0.3865.90)
Build info: version: &apos;3.14.0&apos;, revision: &apos;aacccce0&apos;, time: &apos;2018-08-02T20:19:58.91Z&apos;
System info: host: &apos;USLASDTANDELV&apos;, ip: &apos;10.223.49.62&apos;, os.name: &apos;Windows 10&apos;, os.arch: &apos;amd64&apos;, os.version: &apos;10.0&apos;, java.version: &apos;1.8.0_181&apos;
Driver info: driver.version: ChromeDriver
remote stacktrace: Backtrace:
	Ordinal0 [0x008CEB13+1501971]
	Ordinal0 [0x0084F6D1+980689]
	Ordinal0 [0x007D7508+488712]
	Ordinal0 [0x007D131A+463642]
	Ordinal0 [0x007D19C8+465352]
	Ordinal0 [0x007D2AA5+469669]
	Ordinal0 [0x007CEC85+453765]
	Ordinal0 [0x007D8330+492336]
	Ordinal0 [0x0078A108+172296]
	Ordinal0 [0x0078942D+169005]
	Ordinal0 [0x007878EB+162027]
	Ordinal0 [0x00770AC7+68295]
	Ordinal0 [0x00771B40+72512]
	Ordinal0 [0x00771AD9+72409]
	Ordinal0 [0x00868F37+1085239]
	GetHandleVerifier [0x0096D7ED+503293]
	GetHandleVerifier [0x0096D580+502672]
	GetHandleVerifier [0x009746AC+531644]
	GetHandleVerifier [0x0096DFFA+505354]
	Ordinal0 [0x00860606+1050118]
	Ordinal0 [0x0086047F+1049727]
	Ordinal0 [0x0086AF9B+1093531]
	Ordinal0 [0x0086B103+1093891]
	Ordinal0 [0x0086A095+1089685]
	BaseThreadInitThunk [0x75B26359+25]
	RtlGetAppContainerNamedObjectPath [0x77B27B74+228]
	RtlGetAppContainerNamedObjectPath [0x77B27B44+180]

	at org.openqa.selenium.remote.W3CHandshakeResponse.lambda$new$0(W3CHandshakeResponse.java:57)
	at org.openqa.selenium.remote.W3CHandshakeResponse.lambda$getResponseFunction$2(W3CHandshakeResponse.java:104)
	at org.openqa.selenium.remote.ProtocolHandshake.lambda$createSession$0(ProtocolHandshake.java:122)
	at java.util.stream.ReferencePipeline$3$1.accept(ReferencePipeline.java:193)
	at java.util.Spliterators$ArraySpliterator.tryAdvance(Spliterators.java:958)
	at java.util.stream.ReferencePipeline.forEachWithCancel(ReferencePipeline.java:126)
	at java.util.stream.AbstractPipeline.copyIntoWithCancel(AbstractPipeline.java:498)
	at java.util.stream.AbstractPipeline.copyInto(AbstractPipeline.java:485)
	at java.util.stream.AbstractPipeline.wrapAndCopyInto(AbstractPipeline.java:471)
	at java.util.stream.FindOps$FindOp.evaluateSequential(FindOps.java:152)
	at java.util.stream.AbstractPipeline.evaluate(AbstractPipeline.java:234)
	at java.util.stream.ReferencePipeline.findFirst(ReferencePipeline.java:464)
	at org.openqa.selenium.remote.ProtocolHandshake.createSession(ProtocolHandshake.java:125)
	at org.openqa.selenium.remote.ProtocolHandshake.createSession(ProtocolHandshake.java:73)
	at org.openqa.selenium.remote.HttpCommandExecutor.execute(HttpCommandExecutor.java:136)
	at org.openqa.selenium.remote.service.DriverCommandExecutor.execute(DriverCommandExecutor.java:83)
	at org.openqa.selenium.remote.RemoteWebDriver.execute(RemoteWebDriver.java:548)
	at org.openqa.selenium.remote.RemoteWebDriver.startSession(RemoteWebDriver.java:212)
	at org.openqa.selenium.remote.RemoteWebDriver.&lt;init&gt;(RemoteWebDriver.java:130)
	at org.openqa.selenium.chrome.ChromeDriver.&lt;init&gt;(ChromeDriver.java:181)
	at org.openqa.selenium.chrome.ChromeDriver.&lt;init&gt;(ChromeDriver.java:168)
	at org.openqa.selenium.chrome.ChromeDriver.&lt;init&gt;(ChromeDriver.java:123)
	at igt.tableMountain.qa.base.TestBase.initialization(TestBase.java:42)
	at igt.tableMountain.qa.testcases.LoginPageTest.setUp(LoginPageTest.java:26)
... Removed 40 stack frames</div></td></tr></table><p class="totop"><a href="#summary">back to summary</a></p><h3 id="m1">igt.tableMountain.qa.testcases.LoginPageTest#setUp</h3><table class="result"></table><p class="totop"><a href="#summary">back to summary</a></p><h3 id="m2">igt.tableMountain.qa.testcases.LoginPageTest#setUp</h3><table class="result"></table><p class="totop"><a href="#summary">back to summary</a></p><h3 id="m3">igt.tableMountain.qa.testcases.LoginPageTest#igtLogoTest</h3><table class="result"><tr><th>Exception</th></tr><tr><td><div class="stacktrace">org.openqa.selenium.SessionNotCreatedException: session not created
from chrome not reachable
  (Session info: chrome=77.0.3865.90)
Build info: version: &apos;3.14.0&apos;, revision: &apos;aacccce0&apos;, time: &apos;2018-08-02T20:19:58.91Z&apos;
System info: host: &apos;USLASDTANDELV&apos;, ip: &apos;10.223.49.62&apos;, os.name: &apos;Windows 10&apos;, os.arch: &apos;amd64&apos;, os.version: &apos;10.0&apos;, java.version: &apos;1.8.0_181&apos;
Driver info: driver.version: ChromeDriver
remote stacktrace: Backtrace:
	Ordinal0 [0x008CEB13+1501971]
	Ordinal0 [0x0084F6D1+980689]
	Ordinal0 [0x007D7508+488712]
	Ordinal0 [0x007D131A+463642]
	Ordinal0 [0x007D19C8+465352]
	Ordinal0 [0x007D2AA5+469669]
	Ordinal0 [0x007CEC85+453765]
	Ordinal0 [0x007D8330+492336]
	Ordinal0 [0x0078A108+172296]
	Ordinal0 [0x0078942D+169005]
	Ordinal0 [0x007878EB+162027]
	Ordinal0 [0x00770AC7+68295]
	Ordinal0 [0x00771B40+72512]
	Ordinal0 [0x00771AD9+72409]
	Ordinal0 [0x00868F37+1085239]
	GetHandleVerifier [0x0096D7ED+503293]
	GetHandleVerifier [0x0096D580+502672]
	GetHandleVerifier [0x009746AC+531644]
	GetHandleVerifier [0x0096DFFA+505354]
	Ordinal0 [0x00860606+1050118]
	Ordinal0 [0x0086047F+1049727]
	Ordinal0 [0x0086AF9B+1093531]
	Ordinal0 [0x0086B103+1093891]
	Ordinal0 [0x0086A095+1089685]
	BaseThreadInitThunk [0x75B26359+25]
	RtlGetAppContainerNamedObjectPath [0x77B27B74+228]
	RtlGetAppContainerNamedObjectPath [0x77B27B44+180]

	at org.openqa.selenium.remote.W3CHandshakeResponse.lambda$new$0(W3CHandshakeResponse.java:57)
	at org.openqa.selenium.remote.W3CHandshakeResponse.lambda$getResponseFunction$2(W3CHandshakeResponse.java:104)
	at org.openqa.selenium.remote.ProtocolHandshake.lambda$createSession$0(ProtocolHandshake.java:122)
	at java.util.stream.ReferencePipeline$3$1.accept(ReferencePipeline.java:193)
	at java.util.Spliterators$ArraySpliterator.tryAdvance(Spliterators.java:958)
	at java.util.stream.ReferencePipeline.forEachWithCancel(ReferencePipeline.java:126)
	at java.util.stream.AbstractPipeline.copyIntoWithCancel(AbstractPipeline.java:498)
	at java.util.stream.AbstractPipeline.copyInto(AbstractPipeline.java:485)
	at java.util.stream.AbstractPipeline.wrapAndCopyInto(AbstractPipeline.java:471)
	at java.util.stream.FindOps$FindOp.evaluateSequential(FindOps.java:152)
	at java.util.stream.AbstractPipeline.evaluate(AbstractPipeline.java:234)
	at java.util.stream.ReferencePipeline.findFirst(ReferencePipeline.java:464)
	at org.openqa.selenium.remote.ProtocolHandshake.createSession(ProtocolHandshake.java:125)
	at org.openqa.selenium.remote.ProtocolHandshake.createSession(ProtocolHandshake.java:73)
	at org.openqa.selenium.remote.HttpCommandExecutor.execute(HttpCommandExecutor.java:136)
	at org.openqa.selenium.remote.service.DriverCommandExecutor.execute(DriverCommandExecutor.java:83)
	at org.openqa.selenium.remote.RemoteWebDriver.execute(RemoteWebDriver.java:548)
	at org.openqa.selenium.remote.RemoteWebDriver.startSession(RemoteWebDriver.java:212)
	at org.openqa.selenium.remote.RemoteWebDriver.&lt;init&gt;(RemoteWebDriver.java:130)
	at org.openqa.selenium.chrome.ChromeDriver.&lt;init&gt;(ChromeDriver.java:181)
	at org.openqa.selenium.chrome.ChromeDriver.&lt;init&gt;(ChromeDriver.java:168)
	at org.openqa.selenium.chrome.ChromeDriver.&lt;init&gt;(ChromeDriver.java:123)
	at igt.tableMountain.qa.base.TestBase.initialization(TestBase.java:42)
	at igt.tableMountain.qa.testcases.LoginPageTest.setUp(LoginPageTest.java:26)
... Removed 40 stack frames</div></td></tr></table><p class="totop"><a href="#summary">back to summary</a></p><h3 id="m4">igt.tableMountain.qa.testcases.LoginPageTest#loginPageTitiletest</h3><table class="result"><tr><th>Exception</th></tr><tr><td><div class="stacktrace">org.openqa.selenium.SessionNotCreatedException: session not created
from chrome not reachable
  (Session info: chrome=77.0.3865.90)
Build info: version: &apos;3.14.0&apos;, revision: &apos;aacccce0&apos;, time: &apos;2018-08-02T20:19:58.91Z&apos;
System info: host: &apos;USLASDTANDELV&apos;, ip: &apos;10.223.49.62&apos;, os.name: &apos;Windows 10&apos;, os.arch: &apos;amd64&apos;, os.version: &apos;10.0&apos;, java.version: &apos;1.8.0_181&apos;
Driver info: driver.version: ChromeDriver
remote stacktrace: Backtrace:
	Ordinal0 [0x008CEB13+1501971]
	Ordinal0 [0x0084F6D1+980689]
	Ordinal0 [0x007D7508+488712]
	Ordinal0 [0x007D131A+463642]
	Ordinal0 [0x007D19C8+465352]
	Ordinal0 [0x007D2AA5+469669]
	Ordinal0 [0x007CEC85+453765]
	Ordinal0 [0x007D8330+492336]
	Ordinal0 [0x0078A108+172296]
	Ordinal0 [0x0078942D+169005]
	Ordinal0 [0x007878EB+162027]
	Ordinal0 [0x00770AC7+68295]
	Ordinal0 [0x00771B40+72512]
	Ordinal0 [0x00771AD9+72409]
	Ordinal0 [0x00868F37+1085239]
	GetHandleVerifier [0x0096D7ED+503293]
	GetHandleVerifier [0x0096D580+502672]
	GetHandleVerifier [0x009746AC+531644]
	GetHandleVerifier [0x0096DFFA+505354]
	Ordinal0 [0x00860606+1050118]
	Ordinal0 [0x0086047F+1049727]
	Ordinal0 [0x0086AF9B+1093531]
	Ordinal0 [0x0086B103+1093891]
	Ordinal0 [0x0086A095+1089685]
	BaseThreadInitThunk [0x75B26359+25]
	RtlGetAppContainerNamedObjectPath [0x77B27B74+228]
	RtlGetAppContainerNamedObjectPath [0x77B27B44+180]

	at org.openqa.selenium.remote.W3CHandshakeResponse.lambda$new$0(W3CHandshakeResponse.java:57)
	at org.openqa.selenium.remote.W3CHandshakeResponse.lambda$getResponseFunction$2(W3CHandshakeResponse.java:104)
	at org.openqa.selenium.remote.ProtocolHandshake.lambda$createSession$0(ProtocolHandshake.java:122)
	at java.util.stream.ReferencePipeline$3$1.accept(ReferencePipeline.java:193)
	at java.util.Spliterators$ArraySpliterator.tryAdvance(Spliterators.java:958)
	at java.util.stream.ReferencePipeline.forEachWithCancel(ReferencePipeline.java:126)
	at java.util.stream.AbstractPipeline.copyIntoWithCancel(AbstractPipeline.java:498)
	at java.util.stream.AbstractPipeline.copyInto(AbstractPipeline.java:485)
	at java.util.stream.AbstractPipeline.wrapAndCopyInto(AbstractPipeline.java:471)
	at java.util.stream.FindOps$FindOp.evaluateSequential(FindOps.java:152)
	at java.util.stream.AbstractPipeline.evaluate(AbstractPipeline.java:234)
	at java.util.stream.ReferencePipeline.findFirst(ReferencePipeline.java:464)
	at org.openqa.selenium.remote.ProtocolHandshake.createSession(ProtocolHandshake.java:125)
	at org.openqa.selenium.remote.ProtocolHandshake.createSession(ProtocolHandshake.java:73)
	at org.openqa.selenium.remote.HttpCommandExecutor.execute(HttpCommandExecutor.java:136)
	at org.openqa.selenium.remote.service.DriverCommandExecutor.execute(DriverCommandExecutor.java:83)
	at org.openqa.selenium.remote.RemoteWebDriver.execute(RemoteWebDriver.java:548)
	at org.openqa.selenium.remote.RemoteWebDriver.startSession(RemoteWebDriver.java:212)
	at org.openqa.selenium.remote.RemoteWebDriver.&lt;init&gt;(RemoteWebDriver.java:130)
	at org.openqa.selenium.chrome.ChromeDriver.&lt;init&gt;(ChromeDriver.java:181)
	at org.openqa.selenium.chrome.ChromeDriver.&lt;init&gt;(ChromeDriver.java:168)
	at org.openqa.selenium.chrome.ChromeDriver.&lt;init&gt;(ChromeDriver.java:123)
	at igt.tableMountain.qa.base.TestBase.initialization(TestBase.java:42)
	at igt.tableMountain.qa.testcases.LoginPageTest.setUp(LoginPageTest.java:26)
... Removed 40 stack frames</div></td></tr></table><p class="totop"><a href="#summary">back to summary</a></p><h3 id="m5">igt.tableMountain.qa.testcases.LoginPageTest#loginTest</h3><table class="result"><tr><th>Exception</th></tr><tr><td><div class="stacktrace">org.openqa.selenium.SessionNotCreatedException: session not created
from chrome not reachable
  (Session info: chrome=77.0.3865.90)
Build info: version: &apos;3.14.0&apos;, revision: &apos;aacccce0&apos;, time: &apos;2018-08-02T20:19:58.91Z&apos;
System info: host: &apos;USLASDTANDELV&apos;, ip: &apos;10.223.49.62&apos;, os.name: &apos;Windows 10&apos;, os.arch: &apos;amd64&apos;, os.version: &apos;10.0&apos;, java.version: &apos;1.8.0_181&apos;
Driver info: driver.version: ChromeDriver
remote stacktrace: Backtrace:
	Ordinal0 [0x008CEB13+1501971]
	Ordinal0 [0x0084F6D1+980689]
	Ordinal0 [0x007D7508+488712]
	Ordinal0 [0x007D131A+463642]
	Ordinal0 [0x007D19C8+465352]
	Ordinal0 [0x007D2AA5+469669]
	Ordinal0 [0x007CEC85+453765]
	Ordinal0 [0x007D8330+492336]
	Ordinal0 [0x0078A108+172296]
	Ordinal0 [0x0078942D+169005]
	Ordinal0 [0x007878EB+162027]
	Ordinal0 [0x00770AC7+68295]
	Ordinal0 [0x00771B40+72512]
	Ordinal0 [0x00771AD9+72409]
	Ordinal0 [0x00868F37+1085239]
	GetHandleVerifier [0x0096D7ED+503293]
	GetHandleVerifier [0x0096D580+502672]
	GetHandleVerifier [0x009746AC+531644]
	GetHandleVerifier [0x0096DFFA+505354]
	Ordinal0 [0x00860606+1050118]
	Ordinal0 [0x0086047F+1049727]
	Ordinal0 [0x0086AF9B+1093531]
	Ordinal0 [0x0086B103+1093891]
	Ordinal0 [0x0086A095+1089685]
	BaseThreadInitThunk [0x75B26359+25]
	RtlGetAppContainerNamedObjectPath [0x77B27B74+228]
	RtlGetAppContainerNamedObjectPath [0x77B27B44+180]

	at org.openqa.selenium.remote.W3CHandshakeResponse.lambda$new$0(W3CHandshakeResponse.java:57)
	at org.openqa.selenium.remote.W3CHandshakeResponse.lambda$getResponseFunction$2(W3CHandshakeResponse.java:104)
	at org.openqa.selenium.remote.ProtocolHandshake.lambda$createSession$0(ProtocolHandshake.java:122)
	at java.util.stream.ReferencePipeline$3$1.accept(ReferencePipeline.java:193)
	at java.util.Spliterators$ArraySpliterator.tryAdvance(Spliterators.java:958)
	at java.util.stream.ReferencePipeline.forEachWithCancel(ReferencePipeline.java:126)
	at java.util.stream.AbstractPipeline.copyIntoWithCancel(AbstractPipeline.java:498)
	at java.util.stream.AbstractPipeline.copyInto(AbstractPipeline.java:485)
	at java.util.stream.AbstractPipeline.wrapAndCopyInto(AbstractPipeline.java:471)
	at java.util.stream.FindOps$FindOp.evaluateSequential(FindOps.java:152)
	at java.util.stream.AbstractPipeline.evaluate(AbstractPipeline.java:234)
	at java.util.stream.ReferencePipeline.findFirst(ReferencePipeline.java:464)
	at org.openqa.selenium.remote.ProtocolHandshake.createSession(ProtocolHandshake.java:125)
	at org.openqa.selenium.remote.ProtocolHandshake.createSession(ProtocolHandshake.java:73)
	at org.openqa.selenium.remote.HttpCommandExecutor.execute(HttpCommandExecutor.java:136)
	at org.openqa.selenium.remote.service.DriverCommandExecutor.execute(DriverCommandExecutor.java:83)
	at org.openqa.selenium.remote.RemoteWebDriver.execute(RemoteWebDriver.java:548)
	at org.openqa.selenium.remote.RemoteWebDriver.startSession(RemoteWebDriver.java:212)
	at org.openqa.selenium.remote.RemoteWebDriver.&lt;init&gt;(RemoteWebDriver.java:130)
	at org.openqa.selenium.chrome.ChromeDriver.&lt;init&gt;(ChromeDriver.java:181)
	at org.openqa.selenium.chrome.ChromeDriver.&lt;init&gt;(ChromeDriver.java:168)
	at org.openqa.selenium.chrome.ChromeDriver.&lt;init&gt;(ChromeDriver.java:123)
	at igt.tableMountain.qa.base.TestBase.initialization(TestBase.java:42)
	at igt.tableMountain.qa.testcases.LoginPageTest.setUp(LoginPageTest.java:26)
... Removed 40 stack frames</div></td></tr></table><p class="totop"><a href="#summary">back to summary</a></p></body></html>