<?xml version="1.0" encoding="UTF-8"?>
<!-- Generated by org.testng.reporters.JUnitXMLReporter -->
<testsuite hostname="USLASDTANDELV" ignored="0" name="Command line test" tests="3" failures="0" timestamp="03 Oct 2019 16:40:34 GMT" time="17.231" errors="0">
  <testcase name="@BeforeMethod setUp" time="17.19" classname="igt.tableMountain.qa.testcases.LoginPageTest">
    <failure type="org.openqa.selenium.SessionNotCreatedException" message="session not created
from chrome not reachable
  (Session info: chrome=77.0.3865.90)
Build info: version: &amp;apos;3.14.0&amp;apos;, revision: &amp;apos;aacccce0&amp;apos;, time: &amp;apos;2018-08-02T20:19:58.91Z&amp;apos;
System info: host: &amp;apos;USLASDTANDELV&amp;apos;, ip: &amp;apos;10.223.49.62&amp;apos;, os.name: &amp;apos;Windows 10&amp;apos;, os.arch: &amp;apos;amd64&amp;apos;, os.version: &amp;apos;10.0&amp;apos;, java.version: &amp;apos;1.8.0_181&amp;apos;
Driver info: driver.version: ChromeDriver
remote stacktrace: Backtrace:
	Ordinal0 [0x008CEB13+1501971]
	Ordinal0 [0x0084F6D1+980689]
	Ordinal0 [0x007D7508+488712]
	Ordinal0 [0x007D131A+463642]
	Ordinal0 [0x007D19C8+465352]
	Ordinal0 [0x007D2AA5+469669]
	Ordinal0 [0x007CEC85+453765]
	Ordinal0 [0x007D8330+492336]
	Ordinal0 [0x0078A108+172296]
	Ordinal0 [0x0078942D+169005]
	Ordinal0 [0x007878EB+162027]
	Ordinal0 [0x00770AC7+68295]
	Ordinal0 [0x00771B40+72512]
	Ordinal0 [0x00771AD9+72409]
	Ordinal0 [0x00868F37+1085239]
	GetHandleVerifier [0x0096D7ED+503293]
	GetHandleVerifier [0x0096D580+502672]
	GetHandleVerifier [0x009746AC+531644]
	GetHandleVerifier [0x0096DFFA+505354]
	Ordinal0 [0x00860606+1050118]
	Ordinal0 [0x0086047F+1049727]
	Ordinal0 [0x0086AF9B+1093531]
	Ordinal0 [0x0086B103+1093891]
	Ordinal0 [0x0086A095+1089685]
	BaseThreadInitThunk [0x75B26359+25]
	RtlGetAppContainerNamedObjectPath [0x77B27B74+228]
	RtlGetAppContainerNamedObjectPath [0x77B27B44+180]
">
      <![CDATA[org.openqa.selenium.SessionNotCreatedException: session not created
from chrome not reachable
  (Session info: chrome=77.0.3865.90)
Build info: version: '3.14.0', revision: 'aacccce0', time: '2018-08-02T20:19:58.91Z'
System info: host: 'USLASDTANDELV', ip: '10.223.49.62', os.name: 'Windows 10', os.arch: 'amd64', os.version: '10.0', java.version: '1.8.0_181'
Driver info: driver.version: ChromeDriver
remote stacktrace: Backtrace:
	Ordinal0 [0x008CEB13+1501971]
	Ordinal0 [0x0084F6D1+980689]
	Ordinal0 [0x007D7508+488712]
	Ordinal0 [0x007D131A+463642]
	Ordinal0 [0x007D19C8+465352]
	Ordinal0 [0x007D2AA5+469669]
	Ordinal0 [0x007CEC85+453765]
	Ordinal0 [0x007D8330+492336]
	Ordinal0 [0x0078A108+172296]
	Ordinal0 [0x0078942D+169005]
	Ordinal0 [0x007878EB+162027]
	Ordinal0 [0x00770AC7+68295]
	Ordinal0 [0x00771B40+72512]
	Ordinal0 [0x00771AD9+72409]
	Ordinal0 [0x00868F37+1085239]
	GetHandleVerifier [0x0096D7ED+503293]
	GetHandleVerifier [0x0096D580+502672]
	GetHandleVerifier [0x009746AC+531644]
	GetHandleVerifier [0x0096DFFA+505354]
	Ordinal0 [0x00860606+1050118]
	Ordinal0 [0x0086047F+1049727]
	Ordinal0 [0x0086AF9B+1093531]
	Ordinal0 [0x0086B103+1093891]
	Ordinal0 [0x0086A095+1089685]
	BaseThreadInitThunk [0x75B26359+25]
	RtlGetAppContainerNamedObjectPath [0x77B27B74+228]
	RtlGetAppContainerNamedObjectPath [0x77B27B44+180]

	at org.openqa.selenium.remote.W3CHandshakeResponse.lambda$new$0(W3CHandshakeResponse.java:57)
	at org.openqa.selenium.remote.W3CHandshakeResponse.lambda$getResponseFunction$2(W3CHandshakeResponse.java:104)
	at org.openqa.selenium.remote.ProtocolHandshake.lambda$createSession$0(ProtocolHandshake.java:122)
	at java.util.stream.ReferencePipeline$3$1.accept(ReferencePipeline.java:193)
	at java.util.Spliterators$ArraySpliterator.tryAdvance(Spliterators.java:958)
	at java.util.stream.ReferencePipeline.forEachWithCancel(ReferencePipeline.java:126)
	at java.util.stream.AbstractPipeline.copyIntoWithCancel(AbstractPipeline.java:498)
	at java.util.stream.AbstractPipeline.copyInto(AbstractPipeline.java:485)
	at java.util.stream.AbstractPipeline.wrapAndCopyInto(AbstractPipeline.java:471)
	at java.util.stream.FindOps$FindOp.evaluateSequential(FindOps.java:152)
	at java.util.stream.AbstractPipeline.evaluate(AbstractPipeline.java:234)
	at java.util.stream.ReferencePipeline.findFirst(ReferencePipeline.java:464)
	at org.openqa.selenium.remote.ProtocolHandshake.createSession(ProtocolHandshake.java:125)
	at org.openqa.selenium.remote.ProtocolHandshake.createSession(ProtocolHandshake.java:73)
	at org.openqa.selenium.remote.HttpCommandExecutor.execute(HttpCommandExecutor.java:136)
	at org.openqa.selenium.remote.service.DriverCommandExecutor.execute(DriverCommandExecutor.java:83)
	at org.openqa.selenium.remote.RemoteWebDriver.execute(RemoteWebDriver.java:548)
	at org.openqa.selenium.remote.RemoteWebDriver.startSession(RemoteWebDriver.java:212)
	at org.openqa.selenium.remote.RemoteWebDriver.<init>(RemoteWebDriver.java:130)
	at org.openqa.selenium.chrome.ChromeDriver.<init>(ChromeDriver.java:181)
	at org.openqa.selenium.chrome.ChromeDriver.<init>(ChromeDriver.java:168)
	at org.openqa.selenium.chrome.ChromeDriver.<init>(ChromeDriver.java:123)
	at igt.tableMountain.qa.base.TestBase.initialization(TestBase.java:42)
	at igt.tableMountain.qa.testcases.LoginPageTest.setUp(LoginPageTest.java:26)
... Removed 40 stack frames]]>
    </failure>
  </testcase> <!-- @BeforeMethod setUp -->
  <testcase name="@BeforeMethod setUp" time="0.0" classname="igt.tableMountain.qa.testcases.LoginPageTest">
    <skipped/>
  </testcase> <!-- @BeforeMethod setUp -->
  <testcase name="@BeforeMethod setUp" time="0.0" classname="igt.tableMountain.qa.testcases.LoginPageTest">
    <skipped/>
  </testcase> <!-- @BeforeMethod setUp -->
  <testcase name="loginPageTitiletest" time="0.001" classname="igt.tableMountain.qa.testcases.LoginPageTest">
    <skipped/>
  </testcase> <!-- loginPageTitiletest -->
  <testcase name="igtLogoTest" time="0.0" classname="igt.tableMountain.qa.testcases.LoginPageTest">
    <skipped/>
  </testcase> <!-- igtLogoTest -->
  <testcase name="loginTest" time="0.0" classname="igt.tableMountain.qa.testcases.LoginPageTest">
    <skipped/>
  </testcase> <!-- loginTest -->
</testsuite> <!-- Command line test -->
